<?xml version="1.0" encoding="UTF-8"?>
<!-- Generated by org.testng.reporters.JUnitReportReporter -->
<testsuite hostname="DESKTOP-G57CLC5" failures="0" tests="11" name="CodenBox.MyTestCasses" time="1.650" errors="0" timestamp="2025-07-22T19:46:46 AST" skipped="10">
  <testcase classname="CodenBox.MyTestCasses" name="Calender" time="1.650"/>
  <testcase classname="CodenBox.MyTestCasses" name="SwitchWindow">
    <skipped/>
  </testcase> <!-- SwitchWindow -->
  <testcase classname="CodenBox.MyTestCasses" name="SwitchToAlert">
    <skipped/>
  </testcase> <!-- SwitchToAlert -->
  <testcase classname="CodenBox.MyTestCasses" name="ElementDisplayed">
    <skipped/>
  </testcase> <!-- ElementDisplayed -->
  <testcase classname="CodenBox.MyTestCasses" name="EnabledAndDisabled">
    <skipped/>
  </testcase> <!-- EnabledAndDisabled -->
  <testcase classname="CodenBox.MyTestCasses" name="SelectCountries">
    <skipped/>
  </testcase> <!-- SelectCountries -->
  <testcase classname="CodenBox.MyTestCasses" name="CheckBox">
    <skipped/>
  </testcase> <!-- CheckBox -->
  <testcase classname="CodenBox.MyTestCasses" name="RadioButton">
    <skipped/>
  </testcase> <!-- RadioButton -->
  <testcase classname="CodenBox.MyTestCasses" name="MouseHover">
    <skipped/>
  </testcase> <!-- MouseHover -->
  <testcase classname="CodenBox.MyTestCasses" name="Table">
    <skipped/>
  </testcase> <!-- Table -->
  <testcase classname="CodenBox.MyTestCasses" name="SelectTag">
    <skipped/>
  </testcase> <!-- SelectTag -->
</testsuite> <!-- CodenBox.MyTestCasses -->
