<?xml version="1.0" encoding="UTF-8"?>
<!-- Generated by org.testng.reporters.JUnitReportReporter -->
<testsuite hostname="DESKTOP-G57CLC5" failures="0" tests="4" name="CodenBox.MyTestCasses" time="0.185" errors="0" timestamp="2025-07-21T18:16:46 AST" skipped="3">
  <testcase classname="CodenBox.MyTestCasses" name="cart" time="0.185"/>
  <testcase classname="CodenBox.MyTestCasses" name="RadioButton">
    <skipped/>
  </testcase> <!-- RadioButton -->
  <testcase classname="CodenBox.MyTestCasses" name="SelectCountries">
    <skipped/>
  </testcase> <!-- SelectCountries -->
  <testcase classname="CodenBox.MyTestCasses" name="SelectTag">
    <skipped/>
  </testcase> <!-- SelectTag -->
</testsuite> <!-- CodenBox.MyTestCasses -->
