<?xml version="1.0" encoding="UTF-8"?>
<!-- Generated by org.testng.reporters.JUnitReportReporter -->
<testsuite hostname="DESKTOP-G57CLC5" failures="0" tests="6" name="CodenBox.MyTestCasses" time="0.188" errors="0" timestamp="2025-07-22T03:29:20 AST" skipped="5">
  <testcase classname="CodenBox.MyTestCasses" name="SwitchToAlert" time="0.188"/>
  <testcase classname="CodenBox.MyTestCasses" name="SelectCountries">
    <skipped/>
  </testcase> <!-- SelectCountries -->
  <testcase classname="CodenBox.MyTestCasses" name="CheckBox">
    <skipped/>
  </testcase> <!-- CheckBox -->
  <testcase classname="CodenBox.MyTestCasses" name="RadioButton">
    <skipped/>
  </testcase> <!-- RadioButton -->
  <testcase classname="CodenBox.MyTestCasses" name="SwitchWindow">
    <skipped/>
  </testcase> <!-- SwitchWindow -->
  <testcase classname="CodenBox.MyTestCasses" name="SelectTag">
    <skipped/>
  </testcase> <!-- SelectTag -->
</testsuite> <!-- CodenBox.MyTestCasses -->
